opentasks/build/outputs/logs/manifest-merger-debug-report.txt
-- Merging decision tree log ---
manifest
ADDED from src/main/AndroidManifest.xml:2:1-451:12
	package
		ADDED from src/main/AndroidManifest.xml:3:5-29
		INJECTED from src/main/AndroidManifest.xml
		INJECTED from src/main/AndroidManifest.xml
	android:versionName
		ADDED from src/main/AndroidManifest.xml:6:5-37
		INJECTED from src/main/AndroidManifest.xml
		INJECTED from src/main/AndroidManifest.xml
	android:versionCode
		ADDED from src/main/AndroidManifest.xml:5:5-30
		INJECTED from src/main/AndroidManifest.xml
		INJECTED from src/main/AndroidManifest.xml
	xmlns:android
		ADDED from src/main/AndroidManifest.xml:4:5-63
uses-sdk
ADDED from src/main/AndroidManifest.xml:8:5-10:40
MERGED from [com.android.support:appcompat-v7:23.1.1] AndroidManifest.xml:20:5-43
MERGED from [com.android.support:support-v4:23.1.1] AndroidManifest.xml:20:5-43
MERGED from [com.android.support:design:23.1.1] AndroidManifest.xml:20:5-43
MERGED from [com.android.support:appcompat-v7:23.1.1] AndroidManifest.xml:20:5-43
MERGED from [com.android.support:support-v4:23.1.1] AndroidManifest.xml:20:5-43
MERGED from [com.android.support:recyclerview-v7:23.1.1] AndroidManifest.xml:20:5-43
MERGED from [com.android.support:support-v4:23.1.1] AndroidManifest.xml:20:5-43
MERGED from [com.android.support:support-v4:23.1.1] AndroidManifest.xml:20:5-43
MERGED from [com.github.dmfs:color-picker:c3b3b52033dc0b33bd831e731ec6f74fb1e8a69a] AndroidManifest.xml:7:5-9:41
MERGED from [com.android.support:support-v4:23.1.1] AndroidManifest.xml:20:5-43
MERGED from [:cmadsdk_ext_world_all_V3.7.0:] AndroidManifest.xml:7:5-9:41
	android:targetSdkVersion
		ADDED from src/main/AndroidManifest.xml:10:9-38
		INJECTED from src/main/AndroidManifest.xml
		INJECTED from src/main/AndroidManifest.xml
	android:minSdkVersion
		ADDED from src/main/AndroidManifest.xml:9:9-34
		INJECTED from src/main/AndroidManifest.xml
		INJECTED from src/main/AndroidManifest.xml
permission#org.dmfs.permission.READ_TASKS
ADDED from src/main/AndroidManifest.xml:12:5-18:18
	android:label
		ADDED from src/main/AndroidManifest.xml:15:9-54
	android:protectionLevel
		ADDED from src/main/AndroidManifest.xml:17:9-44
	android:permissionGroup
		ADDED from src/main/AndroidManifest.xml:16:9-73
	android:description
		ADDED from src/main/AndroidManifest.xml:14:9-72
	android:name
		ADDED from src/main/AndroidManifest.xml:13:9-54
permission#org.dmfs.permission.WRITE_TASKS
ADDED from src/main/AndroidManifest.xml:19:5-25:18
	android:label
		ADDED from src/main/AndroidManifest.xml:22:9-55
	android:protectionLevel
		ADDED from src/main/AndroidManifest.xml:24:9-44
	android:permissionGroup
		ADDED from src/main/AndroidManifest.xml:23:9-73
	android:description
		ADDED from src/main/AndroidManifest.xml:21:9-73
	android:name
		ADDED from src/main/AndroidManifest.xml:20:9-55
uses-permission#org.dmfs.permission.READ_TASKS
ADDED from src/main/AndroidManifest.xml:27:5-69
	android:name
		ADDED from src/main/AndroidManifest.xml:27:22-67
uses-permission#org.dmfs.permission.WRITE_TASKS
ADDED from src/main/AndroidManifest.xml:28:5-70
	android:name
		ADDED from src/main/AndroidManifest.xml:28:22-68
uses-permission#android.permission.GET_ACCOUNTS
ADDED from src/main/AndroidManifest.xml:29:5-70
	android:name
		ADDED from src/main/AndroidManifest.xml:29:22-68
uses-permission#android.permission.READ_CONTACTS
ADDED from src/main/AndroidManifest.xml:30:5-71
	android:name
		ADDED from src/main/AndroidManifest.xml:30:22-69
uses-permission#android.permission.READ_SYNC_SETTINGS
ADDED from src/main/AndroidManifest.xml:31:5-76
	android:name
		ADDED from src/main/AndroidManifest.xml:31:22-74
uses-permission#android.permission.VIBRATE
ADDED from src/main/AndroidManifest.xml:32:5-65
	android:name
		ADDED from src/main/AndroidManifest.xml:32:22-63
uses-permission#com.android.alarm.permission.SET_ALARM
ADDED from src/main/AndroidManifest.xml:33:5-77
	android:name
		ADDED from src/main/AndroidManifest.xml:33:22-75
uses-permission#android.permission.RECEIVE_BOOT_COMPLETED
ADDED from src/main/AndroidManifest.xml:34:5-80
	android:name
		ADDED from src/main/AndroidManifest.xml:34:22-78
uses-permission#android.permission.ACCESS_NETWORK_STATE
ADDED from src/main/AndroidManifest.xml:36:5-79
	android:name
		ADDED from src/main/AndroidManifest.xml:36:22-76
uses-permission#android.permission.INTERNET
ADDED from src/main/AndroidManifest.xml:37:5-67
	android:name
		ADDED from src/main/AndroidManifest.xml:37:22-64
uses-permission#android.permission.WRITE_EXTERNAL_STORAGE
ADDED from src/main/AndroidManifest.xml:38:5-81
	android:name
		ADDED from src/main/AndroidManifest.xml:38:22-78
application
ADDED from src/main/AndroidManifest.xml:40:5-449:19
MERGED from [com.android.support:appcompat-v7:23.1.1] AndroidManifest.xml:22:5-20
MERGED from [com.android.support:support-v4:23.1.1] AndroidManifest.xml:22:5-20
MERGED from [com.android.support:design:23.1.1] AndroidManifest.xml:22:5-20
MERGED from [com.android.support:appcompat-v7:23.1.1] AndroidManifest.xml:22:5-20
MERGED from [com.android.support:support-v4:23.1.1] AndroidManifest.xml:22:5-20
MERGED from [com.android.support:support-v4:23.1.1] AndroidManifest.xml:22:5-20
MERGED from [com.android.support:support-v4:23.1.1] AndroidManifest.xml:22:5-20
MERGED from [com.github.dmfs:color-picker:c3b3b52033dc0b33bd831e731ec6f74fb1e8a69a] AndroidManifest.xml:11:5-20
MERGED from [com.android.support:support-v4:23.1.1] AndroidManifest.xml:22:5-20
MERGED from [:cmadsdk_ext_world_all_V3.7.0:] AndroidManifest.xml:11:5-54:19
	android:label
		ADDED from src/main/AndroidManifest.xml:43:9-41
	android:icon
		ADDED from src/main/AndroidManifest.xml:42:9-45
	android:theme
		ADDED from src/main/AndroidManifest.xml:45:9-49
	android:taskAffinity
		ADDED from src/main/AndroidManifest.xml:44:9-63
	android:name
		ADDED from src/main/AndroidManifest.xml:41:9-38
activity#org.dmfs.tasks.TaskListActivity
ADDED from src/main/AndroidManifest.xml:48:9-57:20
	android:label
		ADDED from src/main/AndroidManifest.xml:50:13-52
	android:launchMode
		ADDED from src/main/AndroidManifest.xml:51:13-44
	android:name
		ADDED from src/main/AndroidManifest.xml:49:13-59
intent-filter#android.intent.action.MAIN+android.intent.category.LAUNCHER
ADDED from src/main/AndroidManifest.xml:52:13-56:29
action#android.intent.action.MAIN
ADDED from src/main/AndroidManifest.xml:53:17-68
	android:name
		ADDED from src/main/AndroidManifest.xml:53:25-66
category#android.intent.category.LAUNCHER
ADDED from src/main/AndroidManifest.xml:55:17-76
	android:name
		ADDED from src/main/AndroidManifest.xml:55:27-74
activity#org.dmfs.tasks.ViewTaskActivity
ADDED from src/main/AndroidManifest.xml:60:9-75:20
	android:label
		ADDED from src/main/AndroidManifest.xml:62:13-54
	android:parentActivityName
		ADDED from src/main/AndroidManifest.xml:63:13-73
	android:windowSoftInputMode
		ADDED from src/main/AndroidManifest.xml:65:13-55
	android:theme
		ADDED from src/main/AndroidManifest.xml:64:13-53
	android:name
		ADDED from src/main/AndroidManifest.xml:61:13-59
intent-filter#android.intent.action.VIEW+android.intent.category.DEFAULT
ADDED from src/main/AndroidManifest.xml:66:13-74:29
	android:label
		ADDED from src/main/AndroidManifest.xml:66:28-48
action#android.intent.action.VIEW
ADDED from src/main/AndroidManifest.xml:67:17-68
	android:name
		ADDED from src/main/AndroidManifest.xml:67:25-66
category#android.intent.category.DEFAULT
ADDED from src/main/AndroidManifest.xml:69:17-75
	android:name
		ADDED from src/main/AndroidManifest.xml:69:27-73
data
ADDED from src/main/AndroidManifest.xml:71:17-73:86
	android:host
		ADDED from src/main/AndroidManifest.xml:72:21-63
	android:mimeType
		ADDED from src/main/AndroidManifest.xml:73:21-84
activity#org.dmfs.tasks.EditTaskActivity
ADDED from src/main/AndroidManifest.xml:78:9-136:20
	android:label
		ADDED from src/main/AndroidManifest.xml:80:13-60
	android:parentActivityName
		ADDED from src/main/AndroidManifest.xml:81:13-73
	android:windowSoftInputMode
		ADDED from src/main/AndroidManifest.xml:83:13-67
	android:theme
		ADDED from src/main/AndroidManifest.xml:82:13-48
	android:name
		ADDED from src/main/AndroidManifest.xml:79:13-59
meta-data#android.support.PARENT_ACTIVITY
ADDED from src/main/AndroidManifest.xml:84:13-86:66
	android:value
		ADDED from src/main/AndroidManifest.xml:86:17-64
	android:name
		ADDED from src/main/AndroidManifest.xml:85:17-63
intent-filter#android.intent.action.EDIT+android.intent.category.DEFAULT
ADDED from src/main/AndroidManifest.xml:88:13-96:29
	android:label
		ADDED from src/main/AndroidManifest.xml:88:28-76
action#android.intent.action.EDIT
ADDED from src/main/AndroidManifest.xml:89:17-68
	android:name
		ADDED from src/main/AndroidManifest.xml:89:25-66
intent-filter#android.intent.category.DEFAULT+com.google.android.gm.action.AUTO_SEND
ADDED from src/main/AndroidManifest.xml:99:13-105:29
	android:label
		ADDED from src/main/AndroidManifest.xml:99:28-75
action#com.google.android.gm.action.AUTO_SEND
ADDED from src/main/AndroidManifest.xml:100:17-80
	android:name
		ADDED from src/main/AndroidManifest.xml:100:25-78
intent-filter#android.intent.action.SEND+android.intent.category.DEFAULT
ADDED from src/main/AndroidManifest.xml:108:13-114:29
	android:label
		ADDED from src/main/AndroidManifest.xml:108:28-65
action#android.intent.action.SEND
ADDED from src/main/AndroidManifest.xml:109:17-68
	android:name
		ADDED from src/main/AndroidManifest.xml:109:25-66
intent-filter#android.intent.action.INSERT+android.intent.category.DEFAULT
ADDED from src/main/AndroidManifest.xml:115:13-123:29
	android:label
		ADDED from src/main/AndroidManifest.xml:115:28-75
action#android.intent.action.INSERT
ADDED from src/main/AndroidManifest.xml:116:17-70
	android:name
		ADDED from src/main/AndroidManifest.xml:116:25-68
intent-filter#android.intent.action.INSERT_OR_EDIT+android.intent.category.DEFAULT
ADDED from src/main/AndroidManifest.xml:124:13-135:29
	android:label
		ADDED from src/main/AndroidManifest.xml:124:28-75
action#android.intent.action.INSERT_OR_EDIT
ADDED from src/main/AndroidManifest.xml:125:17-78
	android:name
		ADDED from src/main/AndroidManifest.xml:125:25-76
provider#org.dmfs.provider.tasks.TaskProvider
ADDED from src/main/AndroidManifest.xml:138:9-145:72
	android:readPermission
		ADDED from src/main/AndroidManifest.xml:144:13-68
	android:authorities
		ADDED from src/main/AndroidManifest.xml:140:13-62
	android:label
		ADDED from src/main/AndroidManifest.xml:142:13-51
	android:multiprocess
		ADDED from src/main/AndroidManifest.xml:143:13-41
	android:exported
		ADDED from src/main/AndroidManifest.xml:141:13-36
	android:name
		ADDED from src/main/AndroidManifest.xml:139:13-64
	android:writePermission
		ADDED from src/main/AndroidManifest.xml:145:13-70
activity#org.dmfs.tasks.SyncSettingsActivity
ADDED from src/main/AndroidManifest.xml:147:9-155:20
	android:label
		ADDED from src/main/AndroidManifest.xml:149:13-60
	android:parentActivityName
		ADDED from src/main/AndroidManifest.xml:150:13-73
	android:theme
		ADDED from src/main/AndroidManifest.xml:151:13-44
	android:name
		ADDED from src/main/AndroidManifest.xml:148:13-63
receiver#org.dmfs.provider.tasks.TaskProviderBroadcastReceiver
ADDED from src/main/AndroidManifest.xml:156:9-166:20
	android:exported
		ADDED from src/main/AndroidManifest.xml:158:13-36
	android:name
		ADDED from src/main/AndroidManifest.xml:157:13-81
intent-filter#android.intent.action.BOOT_COMPLETED+android.intent.action.DATE_CHANGED+android.intent.action.QUICKBOOT_POWERON+android.intent.action.TIMEZONE_CHANGED+android.intent.action.TIME_SET
ADDED from src/main/AndroidManifest.xml:159:13-165:29
action#android.intent.action.BOOT_COMPLETED
ADDED from src/main/AndroidManifest.xml:160:17-78
	android:name
		ADDED from src/main/AndroidManifest.xml:160:25-76
action#android.intent.action.QUICKBOOT_POWERON
ADDED from src/main/AndroidManifest.xml:161:17-81
	android:name
		ADDED from src/main/AndroidManifest.xml:161:25-79
action#android.intent.action.TIME_SET
ADDED from src/main/AndroidManifest.xml:162:17-72
	android:name
		ADDED from src/main/AndroidManifest.xml:162:25-70
action#android.intent.action.TIMEZONE_CHANGED
ADDED from src/main/AndroidManifest.xml:163:17-80
	android:name
		ADDED from src/main/AndroidManifest.xml:163:25-78
action#android.intent.action.DATE_CHANGED
ADDED from src/main/AndroidManifest.xml:164:17-76
	android:name
		ADDED from src/main/AndroidManifest.xml:164:25-74
activity#org.dmfs.tasks.homescreen.TaskListWidgetSettingsActivity
ADDED from src/main/AndroidManifest.xml:169:9-176:20
	android:label
		ADDED from src/main/AndroidManifest.xml:171:13-62
	android:theme
		ADDED from src/main/AndroidManifest.xml:172:13-56
	android:name
		ADDED from src/main/AndroidManifest.xml:170:13-84
intent-filter#android.appwidget.action.APPWIDGET_CONFIGURE
ADDED from src/main/AndroidManifest.xml:173:13-175:29
action#android.appwidget.action.APPWIDGET_CONFIGURE
ADDED from src/main/AndroidManifest.xml:174:17-86
	android:name
		ADDED from src/main/AndroidManifest.xml:174:25-84
service#org.dmfs.tasks.homescreen.TaskListWidgetUpdaterService
ADDED from src/main/AndroidManifest.xml:177:9-180:19
	android:permission
		ADDED from src/main/AndroidManifest.xml:179:13-69
	android:name
		ADDED from src/main/AndroidManifest.xml:178:13-82
receiver#org.dmfs.tasks.homescreen.TaskListWidgetProviderLegacy
ADDED from src/main/AndroidManifest.xml:182:9-210:20
	android:enabled
		ADDED from src/main/AndroidManifest.xml:184:13-49
	android:label
		ADDED from src/main/AndroidManifest.xml:185:13-59
	android:name
		ADDED from src/main/AndroidManifest.xml:183:13-82
intent-filter#android.appwidget.action.APPWIDGET_UPDATE
ADDED from src/main/AndroidManifest.xml:186:13-188:29
action#android.appwidget.action.APPWIDGET_UPDATE
ADDED from src/main/AndroidManifest.xml:187:17-83
	android:name
		ADDED from src/main/AndroidManifest.xml:187:25-81
intent-filter#org.dmfs.tasks.action.TASKWIDGET_UPDATE
ADDED from src/main/AndroidManifest.xml:189:13-191:29
action#org.dmfs.tasks.action.TASKWIDGET_UPDATE
ADDED from src/main/AndroidManifest.xml:190:17-81
	android:name
		ADDED from src/main/AndroidManifest.xml:190:25-79
intent-filter#android.intent.action.PROVIDER_CHANGED
ADDED from src/main/AndroidManifest.xml:192:13-198:29
action#android.intent.action.PROVIDER_CHANGED
ADDED from src/main/AndroidManifest.xml:193:17-80
	android:name
		ADDED from src/main/AndroidManifest.xml:193:25-78
intent-filter#org.dmfs.android.tasks.TASK_START
ADDED from src/main/AndroidManifest.xml:199:13-205:29
action#org.dmfs.android.tasks.TASK_START
ADDED from src/main/AndroidManifest.xml:200:17-75
	android:name
		ADDED from src/main/AndroidManifest.xml:200:25-73
meta-data#android.appwidget.provider
ADDED from src/main/AndroidManifest.xml:207:13-209:59
	android:resource
		ADDED from src/main/AndroidManifest.xml:209:17-57
	android:name
		ADDED from src/main/AndroidManifest.xml:208:17-58
receiver#org.dmfs.tasks.homescreen.TaskListWidgetProviderLargeLegacy
ADDED from src/main/AndroidManifest.xml:211:9-239:20
	android:enabled
		ADDED from src/main/AndroidManifest.xml:213:13-49
	android:label
		ADDED from src/main/AndroidManifest.xml:214:13-63
	android:name
		ADDED from src/main/AndroidManifest.xml:212:13-87
receiver#org.dmfs.tasks.homescreen.TaskListWidgetProvider
ADDED from src/main/AndroidManifest.xml:241:9-269:20
	android:enabled
		ADDED from src/main/AndroidManifest.xml:243:13-50
	android:label
		ADDED from src/main/AndroidManifest.xml:244:13-59
	android:name
		ADDED from src/main/AndroidManifest.xml:242:13-76
receiver#org.dmfs.tasks.homescreen.TaskListWidgetProviderLarge
ADDED from src/main/AndroidManifest.xml:270:9-298:20
	android:enabled
		ADDED from src/main/AndroidManifest.xml:272:13-50
	android:label
		ADDED from src/main/AndroidManifest.xml:273:13-63
	android:name
		ADDED from src/main/AndroidManifest.xml:271:13-81
receiver#org.dmfs.tasks.notification.AlarmBroadcastReceiver
ADDED from src/main/AndroidManifest.xml:301:9-316:20
	android:name
		ADDED from src/main/AndroidManifest.xml:301:19-84
intent-filter#org.dmfs.android.tasks.TASK_DUE
ADDED from src/main/AndroidManifest.xml:302:13-308:29
action#org.dmfs.android.tasks.TASK_DUE
ADDED from src/main/AndroidManifest.xml:303:17-73
	android:name
		ADDED from src/main/AndroidManifest.xml:303:25-71
service#org.dmfs.tasks.dashclock.TasksExtension
ADDED from src/main/AndroidManifest.xml:319:9-341:19
	android:label
		ADDED from src/main/AndroidManifest.xml:322:13-62
	android:permission
		ADDED from src/main/AndroidManifest.xml:323:13-98
	android:icon
		ADDED from src/main/AndroidManifest.xml:321:13-50
	android:name
		ADDED from src/main/AndroidManifest.xml:320:13-67
intent-filter#com.google.android.apps.dashclock.Extension
ADDED from src/main/AndroidManifest.xml:324:13-326:29
action#com.google.android.apps.dashclock.Extension
ADDED from src/main/AndroidManifest.xml:325:17-85
	android:name
		ADDED from src/main/AndroidManifest.xml:325:25-83
meta-data#protocolVersion
ADDED from src/main/AndroidManifest.xml:328:13-330:36
	android:value
		ADDED from src/main/AndroidManifest.xml:330:17-34
	android:name
		ADDED from src/main/AndroidManifest.xml:329:17-47
meta-data#worldReadable
ADDED from src/main/AndroidManifest.xml:331:13-333:39
	android:value
		ADDED from src/main/AndroidManifest.xml:333:17-37
	android:name
		ADDED from src/main/AndroidManifest.xml:332:17-45
meta-data#description
ADDED from src/main/AndroidManifest.xml:334:13-336:74
	android:value
		ADDED from src/main/AndroidManifest.xml:336:17-72
	android:name
		ADDED from src/main/AndroidManifest.xml:335:17-43
meta-data#settingsActivity
ADDED from src/main/AndroidManifest.xml:338:13-340:87
	android:value
		ADDED from src/main/AndroidManifest.xml:340:17-85
	android:name
		ADDED from src/main/AndroidManifest.xml:339:17-48
activity#org.dmfs.tasks.dashclock.DashClockPreferenceActivity
ADDED from src/main/AndroidManifest.xml:343:9-348:20
	android:label
		ADDED from src/main/AndroidManifest.xml:346:13-52
	android:exported
		ADDED from src/main/AndroidManifest.xml:345:13-36
	android:theme
		ADDED from src/main/AndroidManifest.xml:347:13-44
	android:name
		ADDED from src/main/AndroidManifest.xml:344:13-80
activity#org.dmfs.android.colorpicker.ColorPickerActivity
ADDED from src/main/AndroidManifest.xml:350:9-359:20
	android:exported
		ADDED from src/main/AndroidManifest.xml:352:13-37
	android:theme
		ADDED from src/main/AndroidManifest.xml:353:13-64
	android:name
		ADDED from src/main/AndroidManifest.xml:351:13-76
intent-filter#android.intent.category.DEFAULT+org.openintents.action.PICK_COLOR
ADDED from src/main/AndroidManifest.xml:354:13-358:29
action#org.openintents.action.PICK_COLOR
ADDED from src/main/AndroidManifest.xml:355:17-75
	android:name
		ADDED from src/main/AndroidManifest.xml:355:25-73
activity#org.dmfs.tasks.ManageListActivity
ADDED from src/main/AndroidManifest.xml:361:9-386:20
	android:theme
		ADDED from src/main/AndroidManifest.xml:363:13-50
	android:name
		ADDED from src/main/AndroidManifest.xml:362:13-61
intent-filter#android.intent.action.INSERT+android.intent.category.DEFAULT+org.dmfs.intent.category.org.dmfs.account.LOCAL
ADDED from src/main/AndroidManifest.xml:364:13-374:29
category#org.dmfs.intent.category.org.dmfs.account.LOCAL
ADDED from src/main/AndroidManifest.xml:368:17-91
	android:name
		ADDED from src/main/AndroidManifest.xml:368:27-89
intent-filter#android.intent.action.EDIT+android.intent.category.DEFAULT+org.dmfs.intent.category.org.dmfs.account.LOCAL
ADDED from src/main/AndroidManifest.xml:375:13-385:29
receiver#org.dmfs.tasks.notification.TaskNotificationHandler
ADDED from src/main/AndroidManifest.xml:389:9-431:20
	android:exported
		ADDED from src/main/AndroidManifest.xml:391:13-36
	android:name
		ADDED from src/main/AndroidManifest.xml:390:13-79
intent-filter#android.intent.action.PACKAGE_ADDED+android.intent.action.PACKAGE_FIRST_LAUNCH+android.intent.action.PACKAGE_REPLACED
ADDED from src/main/AndroidManifest.xml:406:13-414:29
action#android.intent.action.PACKAGE_FIRST_LAUNCH
ADDED from src/main/AndroidManifest.xml:407:17-84
	android:name
		ADDED from src/main/AndroidManifest.xml:407:25-82
action#android.intent.action.PACKAGE_REPLACED
ADDED from src/main/AndroidManifest.xml:408:17-80
	android:name
		ADDED from src/main/AndroidManifest.xml:408:25-78
action#android.intent.action.PACKAGE_ADDED
ADDED from src/main/AndroidManifest.xml:409:17-77
	android:name
		ADDED from src/main/AndroidManifest.xml:409:25-75
intent-filter#org.dmfs.tasks.action.notification.COMPLETE+org.dmfs.tasks.action.notification.DELAY_1D+org.dmfs.tasks.action.notification.DELAY_1H+org.dmfs.tasks.action.notification.UNPIN
ADDED from src/main/AndroidManifest.xml:415:13-424:29
action#org.dmfs.tasks.action.notification.COMPLETE
ADDED from src/main/AndroidManifest.xml:416:17-85
	android:name
		ADDED from src/main/AndroidManifest.xml:416:25-83
action#org.dmfs.tasks.action.notification.UNPIN
ADDED from src/main/AndroidManifest.xml:417:17-82
	android:name
		ADDED from src/main/AndroidManifest.xml:417:25-80
action#org.dmfs.tasks.action.notification.DELAY_1H
ADDED from src/main/AndroidManifest.xml:418:17-85
	android:name
		ADDED from src/main/AndroidManifest.xml:418:25-83
action#org.dmfs.tasks.action.notification.DELAY_1D
ADDED from src/main/AndroidManifest.xml:419:17-85
	android:name
		ADDED from src/main/AndroidManifest.xml:419:25-83
intent-filter#org.dmfs.tasks.action.notification.ACTION_UNDO_TIMEOUT+org.dmfs.tasks.action.notification.DESTRUCT+org.dmfs.tasks.action.notification.UNDO+org.dmfs.tasks.intent.ACTION_DAY_CHANGED
ADDED from src/main/AndroidManifest.xml:425:13-430:29
action#org.dmfs.tasks.intent.ACTION_DAY_CHANGED
ADDED from src/main/AndroidManifest.xml:426:17-82
	android:name
		ADDED from src/main/AndroidManifest.xml:426:25-80
action#org.dmfs.tasks.action.notification.UNDO
ADDED from src/main/AndroidManifest.xml:427:17-81
	android:name
		ADDED from src/main/AndroidManifest.xml:427:25-79
action#org.dmfs.tasks.action.notification.DESTRUCT
ADDED from src/main/AndroidManifest.xml:428:17-85
	android:name
		ADDED from src/main/AndroidManifest.xml:428:25-83
action#org.dmfs.tasks.action.notification.ACTION_UNDO_TIMEOUT
ADDED from src/main/AndroidManifest.xml:429:17-96
	android:name
		ADDED from src/main/AndroidManifest.xml:429:25-94
receiver#org.dmfs.tasks.utils.DatabaseInitializedReceiver
ADDED from src/main/AndroidManifest.xml:432:9-444:20
	android:enabled
		ADDED from src/main/AndroidManifest.xml:434:13-66
	android:exported
		ADDED from src/main/AndroidManifest.xml:435:13-37
	android:name
		ADDED from src/main/AndroidManifest.xml:433:13-76
intent-filter#org.dmfs.tasks.DATABASE_INITIALIZED
ADDED from src/main/AndroidManifest.xml:436:13-443:29
action#org.dmfs.tasks.DATABASE_INITIALIZED
ADDED from src/main/AndroidManifest.xml:437:17-77
	android:name
		ADDED from src/main/AndroidManifest.xml:437:25-75
service#org.dmfs.tasks.notification.NotificationUpdaterService
ADDED from src/main/AndroidManifest.xml:446:9-448:39
	android:exported
		ADDED from src/main/AndroidManifest.xml:448:13-37
	android:name
		ADDED from src/main/AndroidManifest.xml:447:13-82
activity#com.cmcm.picks.PicksLoadingActivity
ADDED from [:cmadsdk_ext_world_all_V3.7.0:] AndroidManifest.xml:12:9-16:80
	android:launchMode
		ADDED from [:cmadsdk_ext_world_all_V3.7.0:] AndroidManifest.xml:14:13-44
	android:theme
		ADDED from [:cmadsdk_ext_world_all_V3.7.0:] AndroidManifest.xml:16:13-77
	android:taskAffinity
		ADDED from [:cmadsdk_ext_world_all_V3.7.0:] AndroidManifest.xml:15:13-59
	android:name
		ADDED from [:cmadsdk_ext_world_all_V3.7.0:] AndroidManifest.xml:13:13-63
activity#com.cmcm.adsdk.interstitial.PicksInterstitialActivity
ADDED from [:cmadsdk_ext_world_all_V3.7.0:] AndroidManifest.xml:17:9-21:53
	android:launchMode
		ADDED from [:cmadsdk_ext_world_all_V3.7.0:] AndroidManifest.xml:20:13-44
	android:configChanges
		ADDED from [:cmadsdk_ext_world_all_V3.7.0:] AndroidManifest.xml:19:13-74
	android:theme
		ADDED from [:cmadsdk_ext_world_all_V3.7.0:] AndroidManifest.xml:21:13-50
	android:name
		ADDED from [:cmadsdk_ext_world_all_V3.7.0:] AndroidManifest.xml:18:13-81
activity#com.cmcm.picks.webview.PicksBrowser
ADDED from [:cmadsdk_ext_world_all_V3.7.0:] AndroidManifest.xml:22:9-25:80
	android:launchMode
		ADDED from [:cmadsdk_ext_world_all_V3.7.0:] AndroidManifest.xml:24:13-44
	android:theme
		ADDED from [:cmadsdk_ext_world_all_V3.7.0:] AndroidManifest.xml:25:13-77
	android:name
		ADDED from [:cmadsdk_ext_world_all_V3.7.0:] AndroidManifest.xml:23:13-63
service#com.cmcm.picks.init.DownloadService
ADDED from [:cmadsdk_ext_world_all_V3.7.0:] AndroidManifest.xml:27:9-30:46
	android:process
		ADDED from [:cmadsdk_ext_world_all_V3.7.0:] AndroidManifest.xml:30:13-43
	android:exported
		ADDED from [:cmadsdk_ext_world_all_V3.7.0:] AndroidManifest.xml:29:13-37
	android:name
		ADDED from [:cmadsdk_ext_world_all_V3.7.0:] AndroidManifest.xml:28:13-63
activity#com.cmcm.picks.vastvideo.FullScreenVideoActivity
ADDED from [:cmadsdk_ext_world_all_V3.7.0:] AndroidManifest.xml:32:9-37:20
	android:launchMode
		ADDED from [:cmadsdk_ext_world_all_V3.7.0:] AndroidManifest.xml:35:13-48
	android:configChanges
		ADDED from [:cmadsdk_ext_world_all_V3.7.0:] AndroidManifest.xml:34:13-74
	android:theme
		ADDED from [:cmadsdk_ext_world_all_V3.7.0:] AndroidManifest.xml:36:13-72
	android:name
		ADDED from [:cmadsdk_ext_world_all_V3.7.0:] AndroidManifest.xml:33:13-76
activity#com.cmcm.picks.vastvideo.IncentiveVideoPlayActivity
ADDED from [:cmadsdk_ext_world_all_V3.7.0:] AndroidManifest.xml:38:9-43:20
	android:launchMode
		ADDED from [:cmadsdk_ext_world_all_V3.7.0:] AndroidManifest.xml:41:13-44
	android:configChanges
		ADDED from [:cmadsdk_ext_world_all_V3.7.0:] AndroidManifest.xml:40:13-74
	android:theme
		ADDED from [:cmadsdk_ext_world_all_V3.7.0:] AndroidManifest.xml:42:13-72
	android:name
		ADDED from [:cmadsdk_ext_world_all_V3.7.0:] AndroidManifest.xml:39:13-79
activity#com.cmcm.picks.vastvideo.VideoAdDetailActivity
ADDED from [:cmadsdk_ext_world_all_V3.7.0:] AndroidManifest.xml:44:9-50:20
	android:excludeFromRecents
		ADDED from [:cmadsdk_ext_world_all_V3.7.0:] AndroidManifest.xml:47:13-46
	android:launchMode
		ADDED from [:cmadsdk_ext_world_all_V3.7.0:] AndroidManifest.xml:48:13-48
	android:configChanges
		ADDED from [:cmadsdk_ext_world_all_V3.7.0:] AndroidManifest.xml:46:13-74
	android:theme
		ADDED from [:cmadsdk_ext_world_all_V3.7.0:] AndroidManifest.xml:49:13-50
	android:name
		ADDED from [:cmadsdk_ext_world_all_V3.7.0:] AndroidManifest.xml:45:13-74
activity#com.facebook.ads.InterstitialAdActivity
ADDED from [:cmadsdk_ext_world_all_V3.7.0:] AndroidManifest.xml:51:9-53:77
	android:configChanges
		ADDED from [:cmadsdk_ext_world_all_V3.7.0:] AndroidManifest.xml:53:13-74
	android:name
		ADDED from [:cmadsdk_ext_world_all_V3.7.0:] AndroidManifest.xml:52:13-67